<?xml version="1.0" encoding="UTF-8"?>
<!-- Generated by org.testng.reporters.JUnitXMLReporter -->
<testsuite hostname="DESKTOP-V7SUSBP" ignored="2" name="Test" tests="13" failures="0" timestamp="19 Jul 2020 22:26:27 GMT" time="294.056" errors="0">
  <testcase name="@BeforeMethod setup" time="68.08" classname="com.evalue.insightloupe.testutil.TestBase">
    <failure type="org.openqa.selenium.TimeoutException" message="connection refused
Build info: version: &amp;apos;3.4.0&amp;apos;, revision: &amp;apos;unknown&amp;apos;, time: &amp;apos;unknown&amp;apos;
System info: host: &amp;apos;DESKTOP-V7SUSBP&amp;apos;, ip: &amp;apos;192.168.1.11&amp;apos;, os.name: &amp;apos;Windows 10&amp;apos;, os.arch: &amp;apos;amd64&amp;apos;, os.version: &amp;apos;10.0&amp;apos;, java.version: &amp;apos;1.8.0_251&amp;apos;
Driver info: driver.version: FirefoxDriver
remote stacktrace: ">
      <![CDATA[org.openqa.selenium.TimeoutException: connection refused
Build info: version: '3.4.0', revision: 'unknown', time: 'unknown'
System info: host: 'DESKTOP-V7SUSBP', ip: '192.168.1.11', os.name: 'Windows 10', os.arch: 'amd64', os.version: '10.0', java.version: '1.8.0_251'
Driver info: driver.version: FirefoxDriver
remote stacktrace: 
	at org.openqa.selenium.remote.W3CHandshakeResponse.lambda$new$0(W3CHandshakeResponse.java:57)
	at org.openqa.selenium.remote.W3CHandshakeResponse.lambda$getResponseFunction$2(W3CHandshakeResponse.java:104)
	at org.openqa.selenium.remote.ProtocolHandshake.lambda$createSession$22(ProtocolHandshake.java:365)
	at java.util.stream.ReferencePipeline$3$1.accept(ReferencePipeline.java:193)
	at java.util.Spliterators$ArraySpliterator.tryAdvance(Spliterators.java:958)
	at java.util.stream.ReferencePipeline.forEachWithCancel(ReferencePipeline.java:126)
	at java.util.stream.AbstractPipeline.copyIntoWithCancel(AbstractPipeline.java:499)
	at java.util.stream.AbstractPipeline.copyInto(AbstractPipeline.java:486)
	at java.util.stream.AbstractPipeline.wrapAndCopyInto(AbstractPipeline.java:472)
	at java.util.stream.FindOps$FindOp.evaluateSequential(FindOps.java:152)
	at java.util.stream.AbstractPipeline.evaluate(AbstractPipeline.java:234)
	at java.util.stream.ReferencePipeline.findFirst(ReferencePipeline.java:464)
	at org.openqa.selenium.remote.ProtocolHandshake.createSession(ProtocolHandshake.java:368)
	at org.openqa.selenium.remote.ProtocolHandshake.createSession(ProtocolHandshake.java:159)
	at org.openqa.selenium.remote.HttpCommandExecutor.execute(HttpCommandExecutor.java:142)
	at org.openqa.selenium.remote.service.DriverCommandExecutor.execute(DriverCommandExecutor.java:82)
	at org.openqa.selenium.remote.RemoteWebDriver.execute(RemoteWebDriver.java:637)
	at org.openqa.selenium.remote.RemoteWebDriver.startSession(RemoteWebDriver.java:250)
	at org.openqa.selenium.remote.RemoteWebDriver.startSession(RemoteWebDriver.java:236)
	at org.openqa.selenium.remote.RemoteWebDriver.<init>(RemoteWebDriver.java:137)
	at org.openqa.selenium.firefox.FirefoxDriver.<init>(FirefoxDriver.java:191)
	at org.openqa.selenium.firefox.FirefoxDriver.<init>(FirefoxDriver.java:108)
	at org.openqa.selenium.firefox.FirefoxDriver.<init>(FirefoxDriver.java:104)
	at com.evalue.insightloupetest.base.BaseTest.initialization(BaseTest.java:51)
	at com.evalue.insightloupe.testutil.TestBase.setup(TestBase.java:27)
... Removed 34 stack frames]]>
    </failure>
  </testcase> <!-- @BeforeMethod setup -->
  <testcase name="@BeforeMethod setup" time="0.0" classname="com.evalue.insightloupe.testutil.TestBase">
    <skipped/>
  </testcase> <!-- @BeforeMethod setup -->
  <testcase name="@BeforeMethod setup" time="0.0" classname="com.evalue.insightloupe.testutil.TestBase">
    <skipped/>
  </testcase> <!-- @BeforeMethod setup -->
  <testcase name="@BeforeMethod setup" time="0.0" classname="com.evalue.insightloupe.testutil.TestBase">
    <skipped/>
  </testcase> <!-- @BeforeMethod setup -->
  <testcase name="@BeforeMethod setup" time="0.0" classname="com.evalue.insightloupe.testutil.TestBase">
    <skipped/>
  </testcase> <!-- @BeforeMethod setup -->
  <testcase name="@BeforeMethod setup" time="0.0" classname="com.evalue.insightloupe.testutil.TestBase">
    <skipped/>
  </testcase> <!-- @BeforeMethod setup -->
  <testcase name="@AfterTest afterTest" time="0.0" classname="com.evalue.insightloupe.testutil.TestBase">
    <skipped/>
  </testcase> <!-- @AfterTest afterTest -->
  <testcase name="userstory2_TC001" time="7.562" classname="com.evalue.insightloupe.testsuite.UserStory02Test"/>
  <testcase name="userstory2_TC002" time="8.785" classname="com.evalue.insightloupe.testsuite.UserStory02Test"/>
  <testcase name="userstory1_TC001" time="6.764" classname="com.evalue.insightloupe.testsuite.UserStory01Test"/>
  <testcase name="userstory1_TC002" time="6.669" classname="com.evalue.insightloupe.testsuite.UserStory01Test"/>
  <testcase name="userstory1_TC003" time="7.814" classname="com.evalue.insightloupe.testsuite.UserStory01Test"/>
  <testcase name="userstory1_TC004" time="7.843" classname="com.evalue.insightloupe.testsuite.UserStory01Test"/>
  <testcase name="userstory1_TC009" time="10.387" classname="com.evalue.insightloupe.testsuite.UserStory01Test"/>
  <testcase name="userstory1_TC010" time="0.0" classname="com.evalue.insightloupe.testsuite.UserStory01Test">
    <skipped/>
  </testcase> <!-- userstory1_TC010 -->
  <testcase name="userstory1_TC011" time="0.0" classname="com.evalue.insightloupe.testsuite.UserStory01Test">
    <skipped/>
  </testcase> <!-- userstory1_TC011 -->
  <testcase name="userstory3_TC001" time="0.0" classname="com.evalue.insightloupe.testsuite.UserStory03Test">
    <skipped/>
  </testcase> <!-- userstory3_TC001 -->
  <testcase name="userstory3_TC002" time="0.0" classname="com.evalue.insightloupe.testsuite.UserStory03Test">
    <skipped/>
  </testcase> <!-- userstory3_TC002 -->
  <testcase name="userstory3_TC003" time="0.0" classname="com.evalue.insightloupe.testsuite.UserStory03Test">
    <skipped/>
  </testcase> <!-- userstory3_TC003 -->
  <testcase name="userstory3_TC004" time="0.0" classname="com.evalue.insightloupe.testsuite.UserStory03Test">
    <skipped/>
  </testcase> <!-- userstory3_TC004 -->
  <testcase name="@AfterTest afterTest" time="0.0" classname="com.evalue.insightloupe.testutil.TestBase">
    <ignored/>
  </testcase> <!-- @AfterTest afterTest -->
  <testcase name="@AfterTest afterTest" time="0.0" classname="com.evalue.insightloupe.testutil.TestBase">
    <ignored/>
  </testcase> <!-- @AfterTest afterTest -->
</testsuite> <!-- Test -->
